<?xml version="1.0" encoding="UTF-8"?>
<!-- Generated by org.testng.reporters.JUnitXMLReporter -->
<testsuite ignored="5" hostname="DESKTOP-DNQIM9N" failures="0" tests="0" time="0.006" errors="0" timestamp="2022-01-27T21:52:05 IST">
  <testcase classname="testNG_Basics.TC_Priority" name="lenskart" time="0.0">
    <ignored/>
  </testcase> <!-- lenskart -->
  <testcase classname="testNG_Basics.TC_Priority" name="lenovo" time="0.0">
    <ignored/>
  </testcase> <!-- lenovo -->
  <testcase classname="testNG_Basics.TC_Loans_101" name="deleteLoan" time="0.0">
    <ignored/>
  </testcase> <!-- deleteLoan -->
  <testcase classname="testNG_Basics.TC_Timeout" name="lenskart" time="0.0">
    <ignored/>
  </testcase> <!-- lenskart -->
  <testcase classname="testNG_Basics.TC_Priority" name="dell" time="0.0">
    <ignored/>
  </testcase> <!-- dell -->
</testsuite>
