<?xml version="1.0" encoding="UTF-8"?>
<!-- Generated by org.testng.reporters.JUnitXMLReporter -->
<testsuite ignored="0" hostname="DESKTOP-DNQIM9N" failures="0" tests="4" name="Default test" time="95.05" errors="0" timestamp="2022-01-26T20:52:23 IST">
  <testcase classname="testNG_Advanced.TC_Support_001" name="createARequest" time="26.671"/>
  <testcase classname="testNG_Advanced.TC_Support_001" name="createARequest" time="16.007"/>
  <testcase classname="testNG_Advanced.TC_Support_001" name="createARequest" time="34.623"/>
  <testcase classname="testNG_Advanced.TC_Support_001" name="createARequest" time="17.709"/>
</testsuite> <!-- Default test -->
